2021-04-10 18:47:11,310 [Worker-3: Loading available Gradle versions] INFO  o.e.b.c.i.u.g.PublishedGradleVersions - Gradle version information cache is out-of-date. Trying to update.
2021-04-11 17:47:15,167 [Worker-384: Creating maven-archetype-quickstart] INFO  o.e.m.c.i.e.AbstractTransferListenerAdapter - Downloaded file:///C:/Users/Aravind/.m2/repository/org/apache/maven/archetypes/maven-archetype-quickstart/1.1/maven-archetype-quickstart-1.1.jar
2021-04-11 17:47:15,203 [Worker-384: Creating maven-archetype-quickstart] INFO  o.e.m.c.i.e.AbstractTransferListenerAdapter - Downloaded file:///C:/Users/Aravind/.m2/repository/org/apache/maven/archetypes/maven-archetype-quickstart/1.1/maven-archetype-quickstart-1.1.pom
2021-04-11 17:47:15,301 [Worker-384: Creating maven-archetype-quickstart] INFO  o.e.m.c.i.p.ProjectConfigurationManager - Collecting project info '/pom.xml' D:\SynechronWeekendBatch\Eclipse_WS\actitime\pom.xml
2021-04-11 17:47:22,119 [Worker-384: Creating maven-archetype-quickstart] INFO  o.e.m.c.i.l.LifecycleMappingFactory - Using org.eclipse.m2e.jdt.JarLifecycleMapping lifecycle mapping for MavenProject: com.synechron.selenium:actitime:0.0.1-SNAPSHOT @ D:\SynechronWeekendBatch\Eclipse_WS\actitime\pom.xml.
2021-04-11 17:47:24,644 [Worker-384: Creating maven-archetype-quickstart] INFO  o.e.m.j.i.AbstractJavaProjectConfigurator - Adding source folder /actitime/src/main/java
2021-04-11 17:47:24,654 [Worker-384: Creating maven-archetype-quickstart] INFO  o.e.m.j.i.AbstractJavaProjectConfigurator - Adding source folder /actitime/src/test/java
2021-04-11 17:47:27,508 [Worker-384: Creating maven-archetype-quickstart] INFO  o.e.m.c.i.p.ProjectConfigurationManager - Imported and configured 1 project(s) in 12 sec
2021-04-11 17:47:32,745 [Worker-384: Building workspace] INFO  o.e.m.c.i.embedder.EclipseLogger - Using 'UTF-8' encoding to copy filtered resources.
2021-04-11 17:47:32,746 [Worker-384: Building workspace] INFO  o.e.m.c.i.embedder.EclipseLogger - skip non existing resourceDirectory D:\SynechronWeekendBatch\Eclipse_WS\actitime\src\main\resources
2021-04-11 17:47:32,748 [Worker-384: Building workspace] INFO  o.e.m.c.i.embedder.EclipseLogger - Using 'UTF-8' encoding to copy filtered resources.
2021-04-11 17:47:32,749 [Worker-384: Building workspace] INFO  o.e.m.c.i.embedder.EclipseLogger - skip non existing resourceDirectory D:\SynechronWeekendBatch\Eclipse_WS\actitime\src\test\resources
2021-04-11 17:57:34,345 [Worker-392: Building workspace] INFO  o.e.m.c.i.embedder.EclipseLogger - Using 'UTF-8' encoding to copy filtered resources.
2021-04-11 17:57:34,346 [Worker-392: Building workspace] INFO  o.e.m.c.i.embedder.EclipseLogger - skip non existing resourceDirectory D:\SynechronWeekendBatch\Eclipse_WS\actitime\src\main\resources
2021-04-11 17:57:34,348 [Worker-392: Building workspace] INFO  o.e.m.c.i.embedder.EclipseLogger - Using 'UTF-8' encoding to copy filtered resources.
2021-04-11 17:57:34,348 [Worker-392: Building workspace] INFO  o.e.m.c.i.embedder.EclipseLogger - skip non existing resourceDirectory D:\SynechronWeekendBatch\Eclipse_WS\actitime\src\test\resources
2021-04-11 17:57:44,613 [Worker-394: Building workspace] INFO  o.e.m.c.i.embedder.EclipseLogger - Using 'UTF-8' encoding to copy filtered resources.
2021-04-11 17:57:44,614 [Worker-394: Building workspace] INFO  o.e.m.c.i.embedder.EclipseLogger - skip non existing resourceDirectory D:\SynechronWeekendBatch\Eclipse_WS\actitime\src\main\resources
2021-04-11 17:57:44,615 [Worker-394: Building workspace] INFO  o.e.m.c.i.embedder.EclipseLogger - Using 'UTF-8' encoding to copy filtered resources.
2021-04-11 17:57:44,616 [Worker-394: Building workspace] INFO  o.e.m.c.i.embedder.EclipseLogger - skip non existing resourceDirectory D:\SynechronWeekendBatch\Eclipse_WS\actitime\src\test\resources
2021-04-11 18:08:59,435 [Worker-399: Rebuilding] INFO  o.e.m.c.i.embedder.EclipseLogger - Using 'UTF-8' encoding to copy filtered resources.
2021-04-11 18:08:59,435 [Worker-399: Rebuilding] INFO  o.e.m.c.i.embedder.EclipseLogger - skip non existing resourceDirectory D:\SynechronWeekendBatch\Eclipse_WS\actitime\src\main\resources
2021-04-11 18:08:59,437 [Worker-399: Rebuilding] INFO  o.e.m.c.i.embedder.EclipseLogger - Using 'UTF-8' encoding to copy filtered resources.
2021-04-11 18:08:59,437 [Worker-399: Rebuilding] INFO  o.e.m.c.i.embedder.EclipseLogger - skip non existing resourceDirectory D:\SynechronWeekendBatch\Eclipse_WS\actitime\src\test\resources
2021-04-11 18:16:55,611 [Worker-399: Building workspace] INFO  o.e.m.c.i.embedder.EclipseLogger - Using 'UTF-8' encoding to copy filtered resources.
2021-04-11 18:16:55,611 [Worker-399: Building workspace] INFO  o.e.m.c.i.embedder.EclipseLogger - skip non existing resourceDirectory D:\SynechronWeekendBatch\Eclipse_WS\actitime\src\main\resources
2021-04-11 18:16:55,612 [Worker-399: Building workspace] INFO  o.e.m.c.i.embedder.EclipseLogger - Using 'UTF-8' encoding to copy filtered resources.
2021-04-11 18:16:55,612 [Worker-399: Building workspace] INFO  o.e.m.c.i.embedder.EclipseLogger - skip non existing resourceDirectory D:\SynechronWeekendBatch\Eclipse_WS\actitime\src\test\resources
2021-04-11 18:17:01,641 [Worker-396: Building workspace] INFO  o.e.m.c.i.embedder.EclipseLogger - Using 'UTF-8' encoding to copy filtered resources.
2021-04-11 18:17:01,641 [Worker-396: Building workspace] INFO  o.e.m.c.i.embedder.EclipseLogger - skip non existing resourceDirectory D:\SynechronWeekendBatch\Eclipse_WS\actitime\src\main\resources
2021-04-11 18:17:01,643 [Worker-396: Building workspace] INFO  o.e.m.c.i.embedder.EclipseLogger - Using 'UTF-8' encoding to copy filtered resources.
2021-04-11 18:17:01,643 [Worker-396: Building workspace] INFO  o.e.m.c.i.embedder.EclipseLogger - skip non existing resourceDirectory D:\SynechronWeekendBatch\Eclipse_WS\actitime\src\test\resources
2021-04-11 18:39:27,740 [Worker-410: Building workspace] INFO  o.e.m.c.i.l.LifecycleMappingFactory - Using org.eclipse.m2e.jdt.JarLifecycleMapping lifecycle mapping for MavenProject: com.synechron.selenium:actitime:0.0.1-SNAPSHOT @ D:\SynechronWeekendBatch\Eclipse_WS\actitime\pom.xml.
2021-04-11 18:39:28,284 [Worker-410: Building workspace] INFO  o.e.m.c.i.embedder.EclipseLogger - Using 'UTF-8' encoding to copy filtered resources.
2021-04-11 18:39:28,284 [Worker-410: Building workspace] INFO  o.e.m.c.i.embedder.EclipseLogger - skip non existing resourceDirectory D:\SynechronWeekendBatch\Eclipse_WS\actitime\src\main\resources
2021-04-11 18:39:28,286 [Worker-410: Building workspace] INFO  o.e.m.c.i.embedder.EclipseLogger - Using 'UTF-8' encoding to copy filtered resources.
2021-04-11 18:39:28,286 [Worker-410: Building workspace] INFO  o.e.m.c.i.embedder.EclipseLogger - skip non existing resourceDirectory D:\SynechronWeekendBatch\Eclipse_WS\actitime\src\test\resources
2021-04-11 18:44:23,690 [Worker-416: Building workspace] INFO  o.e.m.c.i.l.LifecycleMappingFactory - Using org.eclipse.m2e.jdt.JarLifecycleMapping lifecycle mapping for MavenProject: com.synechron.selenium:actitime:0.0.1-SNAPSHOT @ D:\SynechronWeekendBatch\Eclipse_WS\actitime\pom.xml.
2021-04-11 18:44:24,741 [Worker-416: Building workspace] INFO  o.e.m.c.i.embedder.EclipseLogger - Using 'UTF-8' encoding to copy filtered resources.
2021-04-11 18:44:24,741 [Worker-416: Building workspace] INFO  o.e.m.c.i.embedder.EclipseLogger - skip non existing resourceDirectory D:\SynechronWeekendBatch\Eclipse_WS\actitime\src\main\resources
2021-04-11 18:44:24,743 [Worker-416: Building workspace] INFO  o.e.m.c.i.embedder.EclipseLogger - Using 'UTF-8' encoding to copy filtered resources.
2021-04-11 18:44:24,744 [Worker-416: Building workspace] INFO  o.e.m.c.i.embedder.EclipseLogger - skip non existing resourceDirectory D:\SynechronWeekendBatch\Eclipse_WS\actitime\src\test\resources
2021-04-11 18:44:26,631 [Worker-416: Building workspace] INFO  o.e.m.c.i.embedder.EclipseLogger - Using 'UTF-8' encoding to copy filtered resources.
2021-04-11 18:44:26,632 [Worker-416: Building workspace] INFO  o.e.m.c.i.embedder.EclipseLogger - skip non existing resourceDirectory D:\SynechronWeekendBatch\Eclipse_WS\actitime\src\main\resources
2021-04-11 18:44:26,634 [Worker-416: Building workspace] INFO  o.e.m.c.i.embedder.EclipseLogger - Using 'UTF-8' encoding to copy filtered resources.
2021-04-11 18:44:26,634 [Worker-416: Building workspace] INFO  o.e.m.c.i.embedder.EclipseLogger - skip non existing resourceDirectory D:\SynechronWeekendBatch\Eclipse_WS\actitime\src\test\resources
2021-04-11 19:01:03,072 [Worker-418: Building workspace] INFO  o.e.m.c.i.embedder.EclipseLogger - Using 'UTF-8' encoding to copy filtered resources.
2021-04-11 19:01:03,073 [Worker-418: Building workspace] INFO  o.e.m.c.i.embedder.EclipseLogger - skip non existing resourceDirectory D:\SynechronWeekendBatch\Eclipse_WS\actitime\src\main\resources
2021-04-11 19:01:03,074 [Worker-418: Building workspace] INFO  o.e.m.c.i.embedder.EclipseLogger - Using 'UTF-8' encoding to copy filtered resources.
2021-04-11 19:01:03,075 [Worker-418: Building workspace] INFO  o.e.m.c.i.embedder.EclipseLogger - skip non existing resourceDirectory D:\SynechronWeekendBatch\Eclipse_WS\actitime\src\test\resources
2021-04-11 19:03:11,170 [Worker-420: Building workspace] INFO  o.e.m.c.i.embedder.EclipseLogger - Using 'UTF-8' encoding to copy filtered resources.
2021-04-11 19:03:11,172 [Worker-420: Building workspace] INFO  o.e.m.c.i.embedder.EclipseLogger - skip non existing resourceDirectory D:\SynechronWeekendBatch\Eclipse_WS\actitime\src\main\resources
2021-04-11 19:03:11,174 [Worker-420: Building workspace] INFO  o.e.m.c.i.embedder.EclipseLogger - Using 'UTF-8' encoding to copy filtered resources.
2021-04-11 19:03:11,174 [Worker-420: Building workspace] INFO  o.e.m.c.i.embedder.EclipseLogger - skip non existing resourceDirectory D:\SynechronWeekendBatch\Eclipse_WS\actitime\src\test\resources
2021-04-11 19:08:45,825 [Worker-422: Building workspace] INFO  o.e.m.c.i.embedder.EclipseLogger - Using 'UTF-8' encoding to copy filtered resources.
2021-04-11 19:08:45,825 [Worker-422: Building workspace] INFO  o.e.m.c.i.embedder.EclipseLogger - skip non existing resourceDirectory D:\SynechronWeekendBatch\Eclipse_WS\actitime\src\main\resources
2021-04-11 19:08:45,827 [Worker-422: Building workspace] INFO  o.e.m.c.i.embedder.EclipseLogger - Using 'UTF-8' encoding to copy filtered resources.
2021-04-11 19:08:45,827 [Worker-422: Building workspace] INFO  o.e.m.c.i.embedder.EclipseLogger - skip non existing resourceDirectory D:\SynechronWeekendBatch\Eclipse_WS\actitime\src\test\resources
2021-04-11 19:09:29,494 [Worker-422: Building workspace] INFO  o.e.m.c.i.embedder.EclipseLogger - Using 'UTF-8' encoding to copy filtered resources.
2021-04-11 19:09:29,495 [Worker-422: Building workspace] INFO  o.e.m.c.i.embedder.EclipseLogger - skip non existing resourceDirectory D:\SynechronWeekendBatch\Eclipse_WS\actitime\src\main\resources
2021-04-11 19:09:29,497 [Worker-422: Building workspace] INFO  o.e.m.c.i.embedder.EclipseLogger - Using 'UTF-8' encoding to copy filtered resources.
2021-04-11 19:09:29,497 [Worker-422: Building workspace] INFO  o.e.m.c.i.embedder.EclipseLogger - skip non existing resourceDirectory D:\SynechronWeekendBatch\Eclipse_WS\actitime\src\test\resources
2021-04-11 19:18:40,737 [Worker-426: Building workspace] INFO  o.e.m.c.i.embedder.EclipseLogger - Using 'UTF-8' encoding to copy filtered resources.
2021-04-11 19:18:40,737 [Worker-426: Building workspace] INFO  o.e.m.c.i.embedder.EclipseLogger - skip non existing resourceDirectory D:\SynechronWeekendBatch\Eclipse_WS\actitime\src\main\resources
2021-04-11 19:18:40,738 [Worker-426: Building workspace] INFO  o.e.m.c.i.embedder.EclipseLogger - Using 'UTF-8' encoding to copy filtered resources.
2021-04-11 19:18:40,739 [Worker-426: Building workspace] INFO  o.e.m.c.i.embedder.EclipseLogger - skip non existing resourceDirectory D:\SynechronWeekendBatch\Eclipse_WS\actitime\src\test\resources
2021-04-11 19:19:54,507 [Worker-426: Building workspace] INFO  o.e.m.c.i.embedder.EclipseLogger - Using 'UTF-8' encoding to copy filtered resources.
2021-04-11 19:19:54,508 [Worker-426: Building workspace] INFO  o.e.m.c.i.embedder.EclipseLogger - skip non existing resourceDirectory D:\SynechronWeekendBatch\Eclipse_WS\actitime\src\main\resources
2021-04-11 19:19:54,509 [Worker-426: Building workspace] INFO  o.e.m.c.i.embedder.EclipseLogger - Using 'UTF-8' encoding to copy filtered resources.
2021-04-11 19:19:54,510 [Worker-426: Building workspace] INFO  o.e.m.c.i.embedder.EclipseLogger - skip non existing resourceDirectory D:\SynechronWeekendBatch\Eclipse_WS\actitime\src\test\resources
2021-04-11 19:20:06,476 [Worker-427: Building workspace] INFO  o.e.m.c.i.embedder.EclipseLogger - Using 'UTF-8' encoding to copy filtered resources.
2021-04-11 19:20:06,476 [Worker-427: Building workspace] INFO  o.e.m.c.i.embedder.EclipseLogger - skip non existing resourceDirectory D:\SynechronWeekendBatch\Eclipse_WS\actitime\src\main\resources
2021-04-11 19:20:06,477 [Worker-427: Building workspace] INFO  o.e.m.c.i.embedder.EclipseLogger - Using 'UTF-8' encoding to copy filtered resources.
2021-04-11 19:20:06,477 [Worker-427: Building workspace] INFO  o.e.m.c.i.embedder.EclipseLogger - skip non existing resourceDirectory D:\SynechronWeekendBatch\Eclipse_WS\actitime\src\test\resources
2021-04-11 19:20:16,342 [Worker-428: Building workspace] INFO  o.e.m.c.i.embedder.EclipseLogger - Using 'UTF-8' encoding to copy filtered resources.
2021-04-11 19:20:16,343 [Worker-428: Building workspace] INFO  o.e.m.c.i.embedder.EclipseLogger - skip non existing resourceDirectory D:\SynechronWeekendBatch\Eclipse_WS\actitime\src\main\resources
2021-04-11 19:20:16,345 [Worker-428: Building workspace] INFO  o.e.m.c.i.embedder.EclipseLogger - Using 'UTF-8' encoding to copy filtered resources.
2021-04-11 19:20:16,345 [Worker-428: Building workspace] INFO  o.e.m.c.i.embedder.EclipseLogger - skip non existing resourceDirectory D:\SynechronWeekendBatch\Eclipse_WS\actitime\src\test\resources
2021-04-11 19:21:19,670 [Worker-428: Building workspace] INFO  o.e.m.c.i.embedder.EclipseLogger - Using 'UTF-8' encoding to copy filtered resources.
2021-04-11 19:21:19,671 [Worker-428: Building workspace] INFO  o.e.m.c.i.embedder.EclipseLogger - skip non existing resourceDirectory D:\SynechronWeekendBatch\Eclipse_WS\actitime\src\main\resources
2021-04-11 19:21:19,674 [Worker-428: Building workspace] INFO  o.e.m.c.i.embedder.EclipseLogger - Using 'UTF-8' encoding to copy filtered resources.
2021-04-11 19:21:19,674 [Worker-428: Building workspace] INFO  o.e.m.c.i.embedder.EclipseLogger - skip non existing resourceDirectory D:\SynechronWeekendBatch\Eclipse_WS\actitime\src\test\resources
2021-04-11 19:23:44,177 [Worker-422: Building workspace] INFO  o.e.m.c.i.embedder.EclipseLogger - Using 'UTF-8' encoding to copy filtered resources.
2021-04-11 19:23:44,177 [Worker-422: Building workspace] INFO  o.e.m.c.i.embedder.EclipseLogger - skip non existing resourceDirectory D:\SynechronWeekendBatch\Eclipse_WS\actitime\src\main\resources
2021-04-11 19:23:44,178 [Worker-422: Building workspace] INFO  o.e.m.c.i.embedder.EclipseLogger - Using 'UTF-8' encoding to copy filtered resources.
2021-04-11 19:23:44,178 [Worker-422: Building workspace] INFO  o.e.m.c.i.embedder.EclipseLogger - skip non existing resourceDirectory D:\SynechronWeekendBatch\Eclipse_WS\actitime\src\test\resources
2021-04-11 19:25:51,911 [Worker-422: Building workspace] INFO  o.e.m.c.i.embedder.EclipseLogger - Using 'UTF-8' encoding to copy filtered resources.
2021-04-11 19:25:51,911 [Worker-422: Building workspace] INFO  o.e.m.c.i.embedder.EclipseLogger - skip non existing resourceDirectory D:\SynechronWeekendBatch\Eclipse_WS\actitime\src\main\resources
2021-04-11 19:25:51,912 [Worker-422: Building workspace] INFO  o.e.m.c.i.embedder.EclipseLogger - Using 'UTF-8' encoding to copy filtered resources.
2021-04-11 19:25:51,912 [Worker-422: Building workspace] INFO  o.e.m.c.i.embedder.EclipseLogger - skip non existing resourceDirectory D:\SynechronWeekendBatch\Eclipse_WS\actitime\src\test\resources
2021-04-11 19:28:37,181 [Worker-431: Building workspace] INFO  o.e.m.c.i.embedder.EclipseLogger - Using 'UTF-8' encoding to copy filtered resources.
2021-04-11 19:28:37,181 [Worker-431: Building workspace] INFO  o.e.m.c.i.embedder.EclipseLogger - skip non existing resourceDirectory D:\SynechronWeekendBatch\Eclipse_WS\actitime\src\main\resources
2021-04-11 19:28:37,182 [Worker-431: Building workspace] INFO  o.e.m.c.i.embedder.EclipseLogger - Using 'UTF-8' encoding to copy filtered resources.
2021-04-11 19:28:37,183 [Worker-431: Building workspace] INFO  o.e.m.c.i.embedder.EclipseLogger - skip non existing resourceDirectory D:\SynechronWeekendBatch\Eclipse_WS\actitime\src\test\resources
2021-04-11 19:34:35,118 [Worker-422: Building workspace] INFO  o.e.m.c.i.embedder.EclipseLogger - Using 'UTF-8' encoding to copy filtered resources.
2021-04-11 19:34:35,118 [Worker-422: Building workspace] INFO  o.e.m.c.i.embedder.EclipseLogger - skip non existing resourceDirectory D:\SynechronWeekendBatch\Eclipse_WS\actitime\src\main\resources
2021-04-11 19:34:35,119 [Worker-422: Building workspace] INFO  o.e.m.c.i.embedder.EclipseLogger - Using 'UTF-8' encoding to copy filtered resources.
2021-04-11 19:34:35,119 [Worker-422: Building workspace] INFO  o.e.m.c.i.embedder.EclipseLogger - skip non existing resourceDirectory D:\SynechronWeekendBatch\Eclipse_WS\actitime\src\test\resources
2021-04-11 19:36:15,592 [Worker-422: Building workspace] INFO  o.e.m.c.i.embedder.EclipseLogger - Using 'UTF-8' encoding to copy filtered resources.
2021-04-11 19:36:15,593 [Worker-422: Building workspace] INFO  o.e.m.c.i.embedder.EclipseLogger - skip non existing resourceDirectory D:\SynechronWeekendBatch\Eclipse_WS\actitime\src\main\resources
2021-04-11 19:36:15,594 [Worker-422: Building workspace] INFO  o.e.m.c.i.embedder.EclipseLogger - Using 'UTF-8' encoding to copy filtered resources.
2021-04-11 19:36:15,595 [Worker-422: Building workspace] INFO  o.e.m.c.i.embedder.EclipseLogger - skip non existing resourceDirectory D:\SynechronWeekendBatch\Eclipse_WS\actitime\src\test\resources
2021-04-11 19:41:01,243 [Worker-422: Launching BasicOperations] INFO  o.e.m.c.i.embedder.EclipseLogger - Using 'UTF-8' encoding to copy filtered resources.
2021-04-11 19:41:01,244 [Worker-422: Launching BasicOperations] INFO  o.e.m.c.i.embedder.EclipseLogger - skip non existing resourceDirectory D:\SynechronWeekendBatch\Eclipse_WS\actitime\src\main\resources
2021-04-11 19:41:01,246 [Worker-422: Launching BasicOperations] INFO  o.e.m.c.i.embedder.EclipseLogger - Using 'UTF-8' encoding to copy filtered resources.
2021-04-11 19:41:01,246 [Worker-422: Launching BasicOperations] INFO  o.e.m.c.i.embedder.EclipseLogger - skip non existing resourceDirectory D:\SynechronWeekendBatch\Eclipse_WS\actitime\src\test\resources
2021-04-11 19:41:21,572 [Worker-431: Building workspace] INFO  o.e.m.c.i.embedder.EclipseLogger - Using 'UTF-8' encoding to copy filtered resources.
2021-04-11 19:41:21,572 [Worker-431: Building workspace] INFO  o.e.m.c.i.embedder.EclipseLogger - skip non existing resourceDirectory D:\SynechronWeekendBatch\Eclipse_WS\actitime\src\main\resources
2021-04-11 19:41:21,572 [Worker-431: Building workspace] INFO  o.e.m.c.i.embedder.EclipseLogger - Using 'UTF-8' encoding to copy filtered resources.
2021-04-11 19:41:21,573 [Worker-431: Building workspace] INFO  o.e.m.c.i.embedder.EclipseLogger - skip non existing resourceDirectory D:\SynechronWeekendBatch\Eclipse_WS\actitime\src\test\resources
2021-04-11 19:54:45,428 [Worker-440: Building workspace] INFO  o.e.m.c.i.embedder.EclipseLogger - Using 'UTF-8' encoding to copy filtered resources.
2021-04-11 19:54:45,429 [Worker-440: Building workspace] INFO  o.e.m.c.i.embedder.EclipseLogger - skip non existing resourceDirectory D:\SynechronWeekendBatch\Eclipse_WS\actitime\src\main\resources
2021-04-11 19:54:45,431 [Worker-440: Building workspace] INFO  o.e.m.c.i.embedder.EclipseLogger - Using 'UTF-8' encoding to copy filtered resources.
2021-04-11 19:54:45,431 [Worker-440: Building workspace] INFO  o.e.m.c.i.embedder.EclipseLogger - skip non existing resourceDirectory D:\SynechronWeekendBatch\Eclipse_WS\actitime\src\test\resources
2021-04-11 19:56:01,080 [Worker-440: Building workspace] INFO  o.e.m.c.i.embedder.EclipseLogger - Using 'UTF-8' encoding to copy filtered resources.
2021-04-11 19:56:01,081 [Worker-440: Building workspace] INFO  o.e.m.c.i.embedder.EclipseLogger - skip non existing resourceDirectory D:\SynechronWeekendBatch\Eclipse_WS\actitime\src\main\resources
2021-04-11 19:56:01,084 [Worker-440: Building workspace] INFO  o.e.m.c.i.embedder.EclipseLogger - Using 'UTF-8' encoding to copy filtered resources.
2021-04-11 19:56:01,084 [Worker-440: Building workspace] INFO  o.e.m.c.i.embedder.EclipseLogger - skip non existing resourceDirectory D:\SynechronWeekendBatch\Eclipse_WS\actitime\src\test\resources
2021-04-11 19:58:17,402 [Worker-444: Building workspace] INFO  o.e.m.c.i.embedder.EclipseLogger - Using 'UTF-8' encoding to copy filtered resources.
2021-04-11 19:58:17,402 [Worker-444: Building workspace] INFO  o.e.m.c.i.embedder.EclipseLogger - skip non existing resourceDirectory D:\SynechronWeekendBatch\Eclipse_WS\actitime\src\main\resources
2021-04-11 19:58:17,403 [Worker-444: Building workspace] INFO  o.e.m.c.i.embedder.EclipseLogger - Using 'UTF-8' encoding to copy filtered resources.
2021-04-11 19:58:17,404 [Worker-444: Building workspace] INFO  o.e.m.c.i.embedder.EclipseLogger - skip non existing resourceDirectory D:\SynechronWeekendBatch\Eclipse_WS\actitime\src\test\resources
2021-04-11 20:34:42,049 [Worker-453: Building workspace] INFO  o.e.m.c.i.embedder.EclipseLogger - Using 'UTF-8' encoding to copy filtered resources.
2021-04-11 20:34:42,050 [Worker-453: Building workspace] INFO  o.e.m.c.i.embedder.EclipseLogger - skip non existing resourceDirectory D:\SynechronWeekendBatch\Eclipse_WS\actitime\src\main\resources
2021-04-11 20:34:42,050 [Worker-453: Building workspace] INFO  o.e.m.c.i.embedder.EclipseLogger - Using 'UTF-8' encoding to copy filtered resources.
2021-04-11 20:34:42,050 [Worker-453: Building workspace] INFO  o.e.m.c.i.embedder.EclipseLogger - skip non existing resourceDirectory D:\SynechronWeekendBatch\Eclipse_WS\actitime\src\test\resources
2021-04-11 20:35:24,559 [Worker-453: Building workspace] INFO  o.e.m.c.i.embedder.EclipseLogger - Using 'UTF-8' encoding to copy filtered resources.
2021-04-11 20:35:24,559 [Worker-453: Building workspace] INFO  o.e.m.c.i.embedder.EclipseLogger - skip non existing resourceDirectory D:\SynechronWeekendBatch\Eclipse_WS\actitime\src\main\resources
2021-04-11 20:35:24,560 [Worker-453: Building workspace] INFO  o.e.m.c.i.embedder.EclipseLogger - Using 'UTF-8' encoding to copy filtered resources.
2021-04-11 20:35:24,561 [Worker-453: Building workspace] INFO  o.e.m.c.i.embedder.EclipseLogger - skip non existing resourceDirectory D:\SynechronWeekendBatch\Eclipse_WS\actitime\src\test\resources
2021-04-11 20:39:56,918 [Worker-453: Building workspace] INFO  o.e.m.c.i.embedder.EclipseLogger - Using 'UTF-8' encoding to copy filtered resources.
2021-04-11 20:39:56,919 [Worker-453: Building workspace] INFO  o.e.m.c.i.embedder.EclipseLogger - skip non existing resourceDirectory D:\SynechronWeekendBatch\Eclipse_WS\actitime\src\main\resources
2021-04-11 20:39:56,920 [Worker-453: Building workspace] INFO  o.e.m.c.i.embedder.EclipseLogger - Using 'UTF-8' encoding to copy filtered resources.
2021-04-11 20:39:56,921 [Worker-453: Building workspace] INFO  o.e.m.c.i.embedder.EclipseLogger - skip non existing resourceDirectory D:\SynechronWeekendBatch\Eclipse_WS\actitime\src\test\resources
2021-04-11 20:40:03,974 [Worker-453: Building workspace] INFO  o.e.m.c.i.embedder.EclipseLogger - Using 'UTF-8' encoding to copy filtered resources.
2021-04-11 20:40:03,974 [Worker-453: Building workspace] INFO  o.e.m.c.i.embedder.EclipseLogger - skip non existing resourceDirectory D:\SynechronWeekendBatch\Eclipse_WS\actitime\src\main\resources
2021-04-11 20:40:03,975 [Worker-453: Building workspace] INFO  o.e.m.c.i.embedder.EclipseLogger - Using 'UTF-8' encoding to copy filtered resources.
2021-04-11 20:40:03,975 [Worker-453: Building workspace] INFO  o.e.m.c.i.embedder.EclipseLogger - skip non existing resourceDirectory D:\SynechronWeekendBatch\Eclipse_WS\actitime\src\test\resources
2021-04-11 20:41:02,283 [Worker-460: Building workspace] INFO  o.e.m.c.i.l.LifecycleMappingFactory - Using org.eclipse.m2e.jdt.JarLifecycleMapping lifecycle mapping for MavenProject: com.synechron.selenium:actitime:0.0.1-SNAPSHOT @ D:\SynechronWeekendBatch\Eclipse_WS\actitime\pom.xml.
2021-04-11 20:41:03,406 [Worker-460: Building workspace] INFO  o.e.m.c.i.e.AbstractTransferListenerAdapter - Downloading https://repo.maven.apache.org/maven2/io/github/bonigarcia/webdrivermanager/4.4.0/webdrivermanager-4.4.0.pom
2021-04-11 20:41:03,581 [Worker-460: Building workspace] INFO  o.e.m.c.i.e.AbstractTransferListenerAdapter - Downloaded https://repo.maven.apache.org/maven2/io/github/bonigarcia/webdrivermanager/4.4.0/webdrivermanager-4.4.0.pom
2021-04-11 20:41:03,814 [Worker-460: Building workspace] INFO  o.e.m.c.i.e.AbstractTransferListenerAdapter - Downloading https://repo.maven.apache.org/maven2/org/apache/commons/commons-lang3/3.12.0/commons-lang3-3.12.0.pom
2021-04-11 20:41:03,997 [Worker-460: Building workspace] INFO  o.e.m.c.i.e.AbstractTransferListenerAdapter - Downloaded https://repo.maven.apache.org/maven2/org/apache/commons/commons-lang3/3.12.0/commons-lang3-3.12.0.pom
2021-04-11 20:41:04,142 [Worker-460: Building workspace] INFO  o.e.m.c.i.e.AbstractTransferListenerAdapter - Downloading https://repo.maven.apache.org/maven2/org/junit/junit-bom/5.7.1/junit-bom-5.7.1.pom
2021-04-11 20:41:04,315 [Worker-460: Building workspace] INFO  o.e.m.c.i.e.AbstractTransferListenerAdapter - Downloaded https://repo.maven.apache.org/maven2/org/junit/junit-bom/5.7.1/junit-bom-5.7.1.pom
2021-04-11 20:41:04,798 [Worker-460: Building workspace] INFO  o.e.m.c.i.e.AbstractTransferListenerAdapter - Downloading https://repo.maven.apache.org/maven2/io/github/bonigarcia/webdrivermanager/4.4.0/webdrivermanager-4.4.0.jar
2021-04-11 20:41:05,188 [Worker-460: Building workspace] INFO  o.e.m.c.i.e.AbstractTransferListenerAdapter - Downloaded https://repo.maven.apache.org/maven2/io/github/bonigarcia/webdrivermanager/4.4.0/webdrivermanager-4.4.0.jar
2021-04-11 20:41:05,323 [Worker-460: Building workspace] INFO  o.e.m.c.i.e.AbstractTransferListenerAdapter - Downloading https://repo.maven.apache.org/maven2/org/apache/commons/commons-lang3/3.12.0/commons-lang3-3.12.0.jar
2021-04-11 20:41:05,993 [Worker-460: Building workspace] INFO  o.e.m.c.i.e.AbstractTransferListenerAdapter - Downloaded https://repo.maven.apache.org/maven2/org/apache/commons/commons-lang3/3.12.0/commons-lang3-3.12.0.jar
2021-04-11 20:41:07,961 [Worker-460: Building workspace] INFO  o.e.m.c.i.embedder.EclipseLogger - Using 'UTF-8' encoding to copy filtered resources.
2021-04-11 20:41:07,961 [Worker-460: Building workspace] INFO  o.e.m.c.i.embedder.EclipseLogger - skip non existing resourceDirectory D:\SynechronWeekendBatch\Eclipse_WS\actitime\src\main\resources
2021-04-11 20:41:07,962 [Worker-460: Building workspace] INFO  o.e.m.c.i.embedder.EclipseLogger - Using 'UTF-8' encoding to copy filtered resources.
2021-04-11 20:41:07,962 [Worker-460: Building workspace] INFO  o.e.m.c.i.embedder.EclipseLogger - skip non existing resourceDirectory D:\SynechronWeekendBatch\Eclipse_WS\actitime\src\test\resources
2021-04-11 20:41:09,065 [Worker-453: Download sources and javadoc] INFO  o.e.m.c.i.e.AbstractTransferListenerAdapter - Downloading https://repo.maven.apache.org/maven2/io/github/bonigarcia/webdrivermanager/4.4.0/webdrivermanager-4.4.0-sources.jar
2021-04-11 20:41:09,339 [Worker-453: Download sources and javadoc] INFO  o.e.m.c.i.e.AbstractTransferListenerAdapter - Downloaded https://repo.maven.apache.org/maven2/io/github/bonigarcia/webdrivermanager/4.4.0/webdrivermanager-4.4.0-sources.jar
2021-04-11 20:41:09,495 [Worker-453: Download sources and javadoc] INFO  o.e.m.j.internal.DownloadSourcesJob - Downloaded sources for io.github.bonigarcia:webdrivermanager:4.4.0
2021-04-11 20:41:09,623 [Worker-459: Building workspace] INFO  o.e.m.c.i.embedder.EclipseLogger - Using 'UTF-8' encoding to copy filtered resources.
2021-04-11 20:41:09,623 [Worker-459: Building workspace] INFO  o.e.m.c.i.embedder.EclipseLogger - skip non existing resourceDirectory D:\SynechronWeekendBatch\Eclipse_WS\actitime\src\main\resources
2021-04-11 20:41:09,624 [Worker-459: Building workspace] INFO  o.e.m.c.i.embedder.EclipseLogger - Using 'UTF-8' encoding to copy filtered resources.
2021-04-11 20:41:09,625 [Worker-459: Building workspace] INFO  o.e.m.c.i.embedder.EclipseLogger - skip non existing resourceDirectory D:\SynechronWeekendBatch\Eclipse_WS\actitime\src\test\resources
2021-04-11 20:41:09,633 [Worker-453: Download sources and javadoc] INFO  o.e.m.c.i.e.AbstractTransferListenerAdapter - Downloading https://repo.maven.apache.org/maven2/org/apache/commons/commons-lang3/3.12.0/commons-lang3-3.12.0-sources.jar
2021-04-11 20:41:10,354 [Worker-453: Download sources and javadoc] INFO  o.e.m.c.i.e.AbstractTransferListenerAdapter - Downloaded https://repo.maven.apache.org/maven2/org/apache/commons/commons-lang3/3.12.0/commons-lang3-3.12.0-sources.jar
2021-04-11 20:41:10,500 [Worker-453: Download sources and javadoc] INFO  o.e.m.j.internal.DownloadSourcesJob - Downloaded sources for org.apache.commons:commons-lang3:3.12.0
2021-04-11 20:41:10,888 [Worker-458: Building workspace] INFO  o.e.m.c.i.embedder.EclipseLogger - Using 'UTF-8' encoding to copy filtered resources.
2021-04-11 20:41:10,888 [Worker-458: Building workspace] INFO  o.e.m.c.i.embedder.EclipseLogger - skip non existing resourceDirectory D:\SynechronWeekendBatch\Eclipse_WS\actitime\src\main\resources
2021-04-11 20:41:10,890 [Worker-458: Building workspace] INFO  o.e.m.c.i.embedder.EclipseLogger - Using 'UTF-8' encoding to copy filtered resources.
2021-04-11 20:41:10,890 [Worker-458: Building workspace] INFO  o.e.m.c.i.embedder.EclipseLogger - skip non existing resourceDirectory D:\SynechronWeekendBatch\Eclipse_WS\actitime\src\test\resources
2021-04-11 20:42:10,365 [Worker-453: Building workspace] INFO  o.e.m.c.i.embedder.EclipseLogger - Using 'UTF-8' encoding to copy filtered resources.
2021-04-11 20:42:10,366 [Worker-453: Building workspace] INFO  o.e.m.c.i.embedder.EclipseLogger - skip non existing resourceDirectory D:\SynechronWeekendBatch\Eclipse_WS\actitime\src\main\resources
2021-04-11 20:42:10,366 [Worker-453: Building workspace] INFO  o.e.m.c.i.embedder.EclipseLogger - Using 'UTF-8' encoding to copy filtered resources.
2021-04-11 20:42:10,367 [Worker-453: Building workspace] INFO  o.e.m.c.i.embedder.EclipseLogger - skip non existing resourceDirectory D:\SynechronWeekendBatch\Eclipse_WS\actitime\src\test\resources
2021-04-11 20:43:17,146 [Worker-459: Building workspace] INFO  o.e.m.c.i.embedder.EclipseLogger - Using 'UTF-8' encoding to copy filtered resources.
2021-04-11 20:43:17,146 [Worker-459: Building workspace] INFO  o.e.m.c.i.embedder.EclipseLogger - skip non existing resourceDirectory D:\SynechronWeekendBatch\Eclipse_WS\actitime\src\main\resources
2021-04-11 20:43:17,147 [Worker-459: Building workspace] INFO  o.e.m.c.i.embedder.EclipseLogger - Using 'UTF-8' encoding to copy filtered resources.
2021-04-11 20:43:17,148 [Worker-459: Building workspace] INFO  o.e.m.c.i.embedder.EclipseLogger - skip non existing resourceDirectory D:\SynechronWeekendBatch\Eclipse_WS\actitime\src\test\resources
2021-04-11 20:43:25,399 [Worker-453: Building workspace] INFO  o.e.m.c.i.embedder.EclipseLogger - Using 'UTF-8' encoding to copy filtered resources.
2021-04-11 20:43:25,399 [Worker-453: Building workspace] INFO  o.e.m.c.i.embedder.EclipseLogger - skip non existing resourceDirectory D:\SynechronWeekendBatch\Eclipse_WS\actitime\src\main\resources
2021-04-11 20:43:25,400 [Worker-453: Building workspace] INFO  o.e.m.c.i.embedder.EclipseLogger - Using 'UTF-8' encoding to copy filtered resources.
2021-04-11 20:43:25,400 [Worker-453: Building workspace] INFO  o.e.m.c.i.embedder.EclipseLogger - skip non existing resourceDirectory D:\SynechronWeekendBatch\Eclipse_WS\actitime\src\test\resources
2021-04-11 20:44:03,352 [Worker-458: Building workspace] INFO  o.e.m.c.i.embedder.EclipseLogger - Using 'UTF-8' encoding to copy filtered resources.
2021-04-11 20:44:03,353 [Worker-458: Building workspace] INFO  o.e.m.c.i.embedder.EclipseLogger - skip non existing resourceDirectory D:\SynechronWeekendBatch\Eclipse_WS\actitime\src\main\resources
2021-04-11 20:44:03,354 [Worker-458: Building workspace] INFO  o.e.m.c.i.embedder.EclipseLogger - Using 'UTF-8' encoding to copy filtered resources.
2021-04-11 20:44:03,354 [Worker-458: Building workspace] INFO  o.e.m.c.i.embedder.EclipseLogger - skip non existing resourceDirectory D:\SynechronWeekendBatch\Eclipse_WS\actitime\src\test\resources
2021-04-11 20:47:29,363 [Worker-458: Building workspace] INFO  o.e.m.c.i.embedder.EclipseLogger - Using 'UTF-8' encoding to copy filtered resources.
2021-04-11 20:47:29,363 [Worker-458: Building workspace] INFO  o.e.m.c.i.embedder.EclipseLogger - skip non existing resourceDirectory D:\SynechronWeekendBatch\Eclipse_WS\actitime\src\main\resources
2021-04-11 20:47:29,366 [Worker-458: Building workspace] INFO  o.e.m.c.i.embedder.EclipseLogger - Using 'UTF-8' encoding to copy filtered resources.
2021-04-11 20:47:29,366 [Worker-458: Building workspace] INFO  o.e.m.c.i.embedder.EclipseLogger - skip non existing resourceDirectory D:\SynechronWeekendBatch\Eclipse_WS\actitime\src\test\resources
2021-04-11 20:49:42,513 [Worker-460: Building workspace] INFO  o.e.m.c.i.embedder.EclipseLogger - Using 'UTF-8' encoding to copy filtered resources.
2021-04-11 20:49:42,514 [Worker-460: Building workspace] INFO  o.e.m.c.i.embedder.EclipseLogger - skip non existing resourceDirectory D:\SynechronWeekendBatch\Eclipse_WS\actitime\src\main\resources
2021-04-11 20:49:42,515 [Worker-460: Building workspace] INFO  o.e.m.c.i.embedder.EclipseLogger - Using 'UTF-8' encoding to copy filtered resources.
2021-04-11 20:49:42,515 [Worker-460: Building workspace] INFO  o.e.m.c.i.embedder.EclipseLogger - skip non existing resourceDirectory D:\SynechronWeekendBatch\Eclipse_WS\actitime\src\test\resources
2021-04-11 21:09:37,611 [Worker-463: Building workspace] INFO  o.e.m.c.i.embedder.EclipseLogger - Using 'UTF-8' encoding to copy filtered resources.
2021-04-11 21:09:37,612 [Worker-463: Building workspace] INFO  o.e.m.c.i.embedder.EclipseLogger - skip non existing resourceDirectory D:\SynechronWeekendBatch\Eclipse_WS\actitime\src\main\resources
2021-04-11 21:09:37,613 [Worker-463: Building workspace] INFO  o.e.m.c.i.embedder.EclipseLogger - Using 'UTF-8' encoding to copy filtered resources.
2021-04-11 21:09:37,613 [Worker-463: Building workspace] INFO  o.e.m.c.i.embedder.EclipseLogger - skip non existing resourceDirectory D:\SynechronWeekendBatch\Eclipse_WS\actitime\src\test\resources
2021-04-11 21:09:49,400 [Worker-468: Building workspace] INFO  o.e.m.c.i.embedder.EclipseLogger - Using 'UTF-8' encoding to copy filtered resources.
2021-04-11 21:09:49,400 [Worker-468: Building workspace] INFO  o.e.m.c.i.embedder.EclipseLogger - skip non existing resourceDirectory D:\SynechronWeekendBatch\Eclipse_WS\actitime\src\main\resources
2021-04-11 21:09:49,402 [Worker-468: Building workspace] INFO  o.e.m.c.i.embedder.EclipseLogger - Using 'UTF-8' encoding to copy filtered resources.
2021-04-11 21:09:49,402 [Worker-468: Building workspace] INFO  o.e.m.c.i.embedder.EclipseLogger - skip non existing resourceDirectory D:\SynechronWeekendBatch\Eclipse_WS\actitime\src\test\resources
2021-04-11 21:09:59,270 [Worker-468: Building workspace] INFO  o.e.m.c.i.embedder.EclipseLogger - Using 'UTF-8' encoding to copy filtered resources.
2021-04-11 21:09:59,271 [Worker-468: Building workspace] INFO  o.e.m.c.i.embedder.EclipseLogger - skip non existing resourceDirectory D:\SynechronWeekendBatch\Eclipse_WS\actitime\src\main\resources
2021-04-11 21:09:59,272 [Worker-468: Building workspace] INFO  o.e.m.c.i.embedder.EclipseLogger - Using 'UTF-8' encoding to copy filtered resources.
2021-04-11 21:09:59,273 [Worker-468: Building workspace] INFO  o.e.m.c.i.embedder.EclipseLogger - skip non existing resourceDirectory D:\SynechronWeekendBatch\Eclipse_WS\actitime\src\test\resources
2021-04-11 21:10:12,165 [Worker-466: Building workspace] INFO  o.e.m.c.i.embedder.EclipseLogger - Using 'UTF-8' encoding to copy filtered resources.
2021-04-11 21:10:12,165 [Worker-466: Building workspace] INFO  o.e.m.c.i.embedder.EclipseLogger - skip non existing resourceDirectory D:\SynechronWeekendBatch\Eclipse_WS\actitime\src\main\resources
2021-04-11 21:10:12,167 [Worker-466: Building workspace] INFO  o.e.m.c.i.embedder.EclipseLogger - Using 'UTF-8' encoding to copy filtered resources.
2021-04-11 21:10:12,167 [Worker-466: Building workspace] INFO  o.e.m.c.i.embedder.EclipseLogger - skip non existing resourceDirectory D:\SynechronWeekendBatch\Eclipse_WS\actitime\src\test\resources
2021-04-11 21:11:02,706 [Worker-468: Building workspace] INFO  o.e.m.c.i.embedder.EclipseLogger - Using 'UTF-8' encoding to copy filtered resources.
2021-04-11 21:11:02,707 [Worker-468: Building workspace] INFO  o.e.m.c.i.embedder.EclipseLogger - skip non existing resourceDirectory D:\SynechronWeekendBatch\Eclipse_WS\actitime\src\main\resources
2021-04-11 21:11:02,708 [Worker-468: Building workspace] INFO  o.e.m.c.i.embedder.EclipseLogger - Using 'UTF-8' encoding to copy filtered resources.
2021-04-11 21:11:02,708 [Worker-468: Building workspace] INFO  o.e.m.c.i.embedder.EclipseLogger - skip non existing resourceDirectory D:\SynechronWeekendBatch\Eclipse_WS\actitime\src\test\resources
2021-04-11 21:12:45,249 [Worker-463: Building workspace] INFO  o.e.m.c.i.embedder.EclipseLogger - Using 'UTF-8' encoding to copy filtered resources.
2021-04-11 21:12:45,249 [Worker-463: Building workspace] INFO  o.e.m.c.i.embedder.EclipseLogger - skip non existing resourceDirectory D:\SynechronWeekendBatch\Eclipse_WS\actitime\src\main\resources
2021-04-11 21:12:45,250 [Worker-463: Building workspace] INFO  o.e.m.c.i.embedder.EclipseLogger - Using 'UTF-8' encoding to copy filtered resources.
2021-04-11 21:12:45,251 [Worker-463: Building workspace] INFO  o.e.m.c.i.embedder.EclipseLogger - skip non existing resourceDirectory D:\SynechronWeekendBatch\Eclipse_WS\actitime\src\test\resources
2021-04-11 21:19:17,154 [Worker-474: Building workspace] INFO  o.e.m.c.i.embedder.EclipseLogger - Using 'UTF-8' encoding to copy filtered resources.
2021-04-11 21:19:17,154 [Worker-474: Building workspace] INFO  o.e.m.c.i.embedder.EclipseLogger - skip non existing resourceDirectory D:\SynechronWeekendBatch\Eclipse_WS\actitime\src\main\resources
2021-04-11 21:19:17,157 [Worker-474: Building workspace] INFO  o.e.m.c.i.embedder.EclipseLogger - Using 'UTF-8' encoding to copy filtered resources.
2021-04-11 21:19:17,157 [Worker-474: Building workspace] INFO  o.e.m.c.i.embedder.EclipseLogger - skip non existing resourceDirectory D:\SynechronWeekendBatch\Eclipse_WS\actitime\src\test\resources
2021-04-11 21:19:26,781 [Worker-470: Building workspace] INFO  o.e.m.c.i.embedder.EclipseLogger - Using 'UTF-8' encoding to copy filtered resources.
2021-04-11 21:19:26,781 [Worker-470: Building workspace] INFO  o.e.m.c.i.embedder.EclipseLogger - skip non existing resourceDirectory D:\SynechronWeekendBatch\Eclipse_WS\actitime\src\main\resources
2021-04-11 21:19:26,782 [Worker-470: Building workspace] INFO  o.e.m.c.i.embedder.EclipseLogger - Using 'UTF-8' encoding to copy filtered resources.
2021-04-11 21:19:26,783 [Worker-470: Building workspace] INFO  o.e.m.c.i.embedder.EclipseLogger - skip non existing resourceDirectory D:\SynechronWeekendBatch\Eclipse_WS\actitime\src\test\resources
2021-04-11 21:19:55,302 [Worker-468: Building workspace] INFO  o.e.m.c.i.embedder.EclipseLogger - Using 'UTF-8' encoding to copy filtered resources.
2021-04-11 21:19:55,302 [Worker-468: Building workspace] INFO  o.e.m.c.i.embedder.EclipseLogger - skip non existing resourceDirectory D:\SynechronWeekendBatch\Eclipse_WS\actitime\src\main\resources
2021-04-11 21:19:55,303 [Worker-468: Building workspace] INFO  o.e.m.c.i.embedder.EclipseLogger - Using 'UTF-8' encoding to copy filtered resources.
2021-04-11 21:19:55,304 [Worker-468: Building workspace] INFO  o.e.m.c.i.embedder.EclipseLogger - skip non existing resourceDirectory D:\SynechronWeekendBatch\Eclipse_WS\actitime\src\test\resources
2021-04-11 21:20:36,989 [Worker-468: Building workspace] INFO  o.e.m.c.i.embedder.EclipseLogger - Using 'UTF-8' encoding to copy filtered resources.
2021-04-11 21:20:36,989 [Worker-468: Building workspace] INFO  o.e.m.c.i.embedder.EclipseLogger - skip non existing resourceDirectory D:\SynechronWeekendBatch\Eclipse_WS\actitime\src\main\resources
2021-04-11 21:20:36,990 [Worker-468: Building workspace] INFO  o.e.m.c.i.embedder.EclipseLogger - Using 'UTF-8' encoding to copy filtered resources.
2021-04-11 21:20:36,991 [Worker-468: Building workspace] INFO  o.e.m.c.i.embedder.EclipseLogger - skip non existing resourceDirectory D:\SynechronWeekendBatch\Eclipse_WS\actitime\src\test\resources
2021-04-11 21:21:14,946 [Worker-476: Building workspace] INFO  o.e.m.c.i.embedder.EclipseLogger - Using 'UTF-8' encoding to copy filtered resources.
2021-04-11 21:21:14,946 [Worker-476: Building workspace] INFO  o.e.m.c.i.embedder.EclipseLogger - skip non existing resourceDirectory D:\SynechronWeekendBatch\Eclipse_WS\actitime\src\main\resources
2021-04-11 21:21:14,947 [Worker-476: Building workspace] INFO  o.e.m.c.i.embedder.EclipseLogger - Using 'UTF-8' encoding to copy filtered resources.
2021-04-11 21:21:14,947 [Worker-476: Building workspace] INFO  o.e.m.c.i.embedder.EclipseLogger - skip non existing resourceDirectory D:\SynechronWeekendBatch\Eclipse_WS\actitime\src\test\resources
2021-04-11 21:22:01,016 [Worker-470: Building workspace] INFO  o.e.m.c.i.embedder.EclipseLogger - Using 'UTF-8' encoding to copy filtered resources.
2021-04-11 21:22:01,017 [Worker-470: Building workspace] INFO  o.e.m.c.i.embedder.EclipseLogger - skip non existing resourceDirectory D:\SynechronWeekendBatch\Eclipse_WS\actitime\src\main\resources
2021-04-11 21:22:01,018 [Worker-470: Building workspace] INFO  o.e.m.c.i.embedder.EclipseLogger - Using 'UTF-8' encoding to copy filtered resources.
2021-04-11 21:22:01,019 [Worker-470: Building workspace] INFO  o.e.m.c.i.embedder.EclipseLogger - skip non existing resourceDirectory D:\SynechronWeekendBatch\Eclipse_WS\actitime\src\test\resources
2021-04-11 21:22:18,474 [Worker-470: Building workspace] INFO  o.e.m.c.i.embedder.EclipseLogger - Using 'UTF-8' encoding to copy filtered resources.
2021-04-11 21:22:18,474 [Worker-470: Building workspace] INFO  o.e.m.c.i.embedder.EclipseLogger - skip non existing resourceDirectory D:\SynechronWeekendBatch\Eclipse_WS\actitime\src\main\resources
2021-04-11 21:22:18,476 [Worker-470: Building workspace] INFO  o.e.m.c.i.embedder.EclipseLogger - Using 'UTF-8' encoding to copy filtered resources.
2021-04-11 21:22:18,476 [Worker-470: Building workspace] INFO  o.e.m.c.i.embedder.EclipseLogger - skip non existing resourceDirectory D:\SynechronWeekendBatch\Eclipse_WS\actitime\src\test\resources
2021-04-11 21:26:17,567 [Worker-479: Building workspace] INFO  o.e.m.c.i.embedder.EclipseLogger - Using 'UTF-8' encoding to copy filtered resources.
2021-04-11 21:26:17,567 [Worker-479: Building workspace] INFO  o.e.m.c.i.embedder.EclipseLogger - skip non existing resourceDirectory D:\SynechronWeekendBatch\Eclipse_WS\actitime\src\main\resources
2021-04-11 21:26:17,569 [Worker-479: Building workspace] INFO  o.e.m.c.i.embedder.EclipseLogger - Using 'UTF-8' encoding to copy filtered resources.
2021-04-11 21:26:17,569 [Worker-479: Building workspace] INFO  o.e.m.c.i.embedder.EclipseLogger - skip non existing resourceDirectory D:\SynechronWeekendBatch\Eclipse_WS\actitime\src\test\resources
2021-04-11 21:37:00,152 [Worker-485: Building workspace] INFO  o.e.m.c.i.embedder.EclipseLogger - Using 'UTF-8' encoding to copy filtered resources.
2021-04-11 21:37:00,152 [Worker-485: Building workspace] INFO  o.e.m.c.i.embedder.EclipseLogger - skip non existing resourceDirectory D:\SynechronWeekendBatch\Eclipse_WS\actitime\src\main\resources
2021-04-11 21:37:00,154 [Worker-485: Building workspace] INFO  o.e.m.c.i.embedder.EclipseLogger - Using 'UTF-8' encoding to copy filtered resources.
2021-04-11 21:37:00,154 [Worker-485: Building workspace] INFO  o.e.m.c.i.embedder.EclipseLogger - skip non existing resourceDirectory D:\SynechronWeekendBatch\Eclipse_WS\actitime\src\test\resources
2021-04-11 21:39:56,931 [Worker-491: Building workspace] INFO  o.e.m.c.i.embedder.EclipseLogger - Using 'UTF-8' encoding to copy filtered resources.
2021-04-11 21:39:56,931 [Worker-491: Building workspace] INFO  o.e.m.c.i.embedder.EclipseLogger - skip non existing resourceDirectory D:\SynechronWeekendBatch\Eclipse_WS\actitime\src\main\resources
2021-04-11 21:39:56,932 [Worker-491: Building workspace] INFO  o.e.m.c.i.embedder.EclipseLogger - Using 'UTF-8' encoding to copy filtered resources.
2021-04-11 21:39:56,932 [Worker-491: Building workspace] INFO  o.e.m.c.i.embedder.EclipseLogger - skip non existing resourceDirectory D:\SynechronWeekendBatch\Eclipse_WS\actitime\src\test\resources
2021-04-11 21:40:32,843 [Worker-492: Building workspace] INFO  o.e.m.c.i.embedder.EclipseLogger - Using 'UTF-8' encoding to copy filtered resources.
2021-04-11 21:40:32,843 [Worker-492: Building workspace] INFO  o.e.m.c.i.embedder.EclipseLogger - skip non existing resourceDirectory D:\SynechronWeekendBatch\Eclipse_WS\actitime\src\main\resources
2021-04-11 21:40:32,844 [Worker-492: Building workspace] INFO  o.e.m.c.i.embedder.EclipseLogger - Using 'UTF-8' encoding to copy filtered resources.
2021-04-11 21:40:32,844 [Worker-492: Building workspace] INFO  o.e.m.c.i.embedder.EclipseLogger - skip non existing resourceDirectory D:\SynechronWeekendBatch\Eclipse_WS\actitime\src\test\resources
2021-04-11 21:40:46,432 [Worker-477: Building workspace] INFO  o.e.m.c.i.embedder.EclipseLogger - Using 'UTF-8' encoding to copy filtered resources.
2021-04-11 21:40:46,432 [Worker-477: Building workspace] INFO  o.e.m.c.i.embedder.EclipseLogger - skip non existing resourceDirectory D:\SynechronWeekendBatch\Eclipse_WS\actitime\src\main\resources
2021-04-11 21:40:46,433 [Worker-477: Building workspace] INFO  o.e.m.c.i.embedder.EclipseLogger - Using 'UTF-8' encoding to copy filtered resources.
2021-04-11 21:40:46,433 [Worker-477: Building workspace] INFO  o.e.m.c.i.embedder.EclipseLogger - skip non existing resourceDirectory D:\SynechronWeekendBatch\Eclipse_WS\actitime\src\test\resources
2021-04-11 21:41:03,265 [Worker-492: Building workspace] INFO  o.e.m.c.i.embedder.EclipseLogger - Using 'UTF-8' encoding to copy filtered resources.
2021-04-11 21:41:03,265 [Worker-492: Building workspace] INFO  o.e.m.c.i.embedder.EclipseLogger - skip non existing resourceDirectory D:\SynechronWeekendBatch\Eclipse_WS\actitime\src\main\resources
2021-04-11 21:41:03,266 [Worker-492: Building workspace] INFO  o.e.m.c.i.embedder.EclipseLogger - Using 'UTF-8' encoding to copy filtered resources.
2021-04-11 21:41:03,267 [Worker-492: Building workspace] INFO  o.e.m.c.i.embedder.EclipseLogger - skip non existing resourceDirectory D:\SynechronWeekendBatch\Eclipse_WS\actitime\src\test\resources
2021-04-11 21:46:13,543 [Worker-495: Building workspace] INFO  o.e.m.c.i.embedder.EclipseLogger - Using 'UTF-8' encoding to copy filtered resources.
2021-04-11 21:46:13,543 [Worker-495: Building workspace] INFO  o.e.m.c.i.embedder.EclipseLogger - skip non existing resourceDirectory D:\SynechronWeekendBatch\Eclipse_WS\actitime\src\main\resources
2021-04-11 21:46:13,544 [Worker-495: Building workspace] INFO  o.e.m.c.i.embedder.EclipseLogger - Using 'UTF-8' encoding to copy filtered resources.
2021-04-11 21:46:13,545 [Worker-495: Building workspace] INFO  o.e.m.c.i.embedder.EclipseLogger - skip non existing resourceDirectory D:\SynechronWeekendBatch\Eclipse_WS\actitime\src\test\resources
2021-04-11 21:47:05,234 [Worker-477: Building workspace] INFO  o.e.m.c.i.embedder.EclipseLogger - Using 'UTF-8' encoding to copy filtered resources.
2021-04-11 21:47:05,234 [Worker-477: Building workspace] INFO  o.e.m.c.i.embedder.EclipseLogger - skip non existing resourceDirectory D:\SynechronWeekendBatch\Eclipse_WS\actitime\src\main\resources
2021-04-11 21:47:05,234 [Worker-477: Building workspace] INFO  o.e.m.c.i.embedder.EclipseLogger - Using 'UTF-8' encoding to copy filtered resources.
2021-04-11 21:47:05,235 [Worker-477: Building workspace] INFO  o.e.m.c.i.embedder.EclipseLogger - skip non existing resourceDirectory D:\SynechronWeekendBatch\Eclipse_WS\actitime\src\test\resources
2021-04-11 21:47:51,927 [Worker-497: Building workspace] INFO  o.e.m.c.i.embedder.EclipseLogger - Using 'UTF-8' encoding to copy filtered resources.
2021-04-11 21:47:51,927 [Worker-497: Building workspace] INFO  o.e.m.c.i.embedder.EclipseLogger - skip non existing resourceDirectory D:\SynechronWeekendBatch\Eclipse_WS\actitime\src\main\resources
2021-04-11 21:47:51,928 [Worker-497: Building workspace] INFO  o.e.m.c.i.embedder.EclipseLogger - Using 'UTF-8' encoding to copy filtered resources.
2021-04-11 21:47:51,928 [Worker-497: Building workspace] INFO  o.e.m.c.i.embedder.EclipseLogger - skip non existing resourceDirectory D:\SynechronWeekendBatch\Eclipse_WS\actitime\src\test\resources
2021-04-11 22:00:15,011 [Worker-477: Building workspace] INFO  o.e.m.c.i.embedder.EclipseLogger - Using 'UTF-8' encoding to copy filtered resources.
2021-04-11 22:00:15,011 [Worker-477: Building workspace] INFO  o.e.m.c.i.embedder.EclipseLogger - skip non existing resourceDirectory D:\SynechronWeekendBatch\Eclipse_WS\actitime\src\main\resources
2021-04-11 22:00:15,013 [Worker-477: Building workspace] INFO  o.e.m.c.i.embedder.EclipseLogger - Using 'UTF-8' encoding to copy filtered resources.
2021-04-11 22:00:15,013 [Worker-477: Building workspace] INFO  o.e.m.c.i.embedder.EclipseLogger - skip non existing resourceDirectory D:\SynechronWeekendBatch\Eclipse_WS\actitime\src\test\resources
2021-04-11 22:00:49,392 [Worker-477: Building workspace] INFO  o.e.m.c.i.embedder.EclipseLogger - Using 'UTF-8' encoding to copy filtered resources.
2021-04-11 22:00:49,392 [Worker-477: Building workspace] INFO  o.e.m.c.i.embedder.EclipseLogger - skip non existing resourceDirectory D:\SynechronWeekendBatch\Eclipse_WS\actitime\src\main\resources
2021-04-11 22:00:49,393 [Worker-477: Building workspace] INFO  o.e.m.c.i.embedder.EclipseLogger - Using 'UTF-8' encoding to copy filtered resources.
2021-04-11 22:00:49,393 [Worker-477: Building workspace] INFO  o.e.m.c.i.embedder.EclipseLogger - skip non existing resourceDirectory D:\SynechronWeekendBatch\Eclipse_WS\actitime\src\test\resources
2021-04-11 22:01:28,532 [Worker-496: Building workspace] INFO  o.e.m.c.i.embedder.EclipseLogger - Using 'UTF-8' encoding to copy filtered resources.
2021-04-11 22:01:28,533 [Worker-496: Building workspace] INFO  o.e.m.c.i.embedder.EclipseLogger - skip non existing resourceDirectory D:\SynechronWeekendBatch\Eclipse_WS\actitime\src\main\resources
2021-04-11 22:01:28,534 [Worker-496: Building workspace] INFO  o.e.m.c.i.embedder.EclipseLogger - Using 'UTF-8' encoding to copy filtered resources.
2021-04-11 22:01:28,534 [Worker-496: Building workspace] INFO  o.e.m.c.i.embedder.EclipseLogger - skip non existing resourceDirectory D:\SynechronWeekendBatch\Eclipse_WS\actitime\src\test\resources
2021-04-11 22:02:51,142 [Worker-499: Building workspace] INFO  o.e.m.c.i.embedder.EclipseLogger - Using 'UTF-8' encoding to copy filtered resources.
2021-04-11 22:02:51,142 [Worker-499: Building workspace] INFO  o.e.m.c.i.embedder.EclipseLogger - skip non existing resourceDirectory D:\SynechronWeekendBatch\Eclipse_WS\actitime\src\main\resources
2021-04-11 22:02:51,143 [Worker-499: Building workspace] INFO  o.e.m.c.i.embedder.EclipseLogger - Using 'UTF-8' encoding to copy filtered resources.
2021-04-11 22:02:51,144 [Worker-499: Building workspace] INFO  o.e.m.c.i.embedder.EclipseLogger - skip non existing resourceDirectory D:\SynechronWeekendBatch\Eclipse_WS\actitime\src\test\resources
2021-04-11 22:03:20,005 [Worker-498: Building workspace] INFO  o.e.m.c.i.embedder.EclipseLogger - Using 'UTF-8' encoding to copy filtered resources.
2021-04-11 22:03:20,005 [Worker-498: Building workspace] INFO  o.e.m.c.i.embedder.EclipseLogger - skip non existing resourceDirectory D:\SynechronWeekendBatch\Eclipse_WS\actitime\src\main\resources
2021-04-11 22:03:20,005 [Worker-498: Building workspace] INFO  o.e.m.c.i.embedder.EclipseLogger - Using 'UTF-8' encoding to copy filtered resources.
2021-04-11 22:03:20,005 [Worker-498: Building workspace] INFO  o.e.m.c.i.embedder.EclipseLogger - skip non existing resourceDirectory D:\SynechronWeekendBatch\Eclipse_WS\actitime\src\test\resources
2021-04-11 22:04:48,556 [Worker-501: Building workspace] INFO  o.e.m.c.i.embedder.EclipseLogger - Using 'UTF-8' encoding to copy filtered resources.
2021-04-11 22:04:48,557 [Worker-501: Building workspace] INFO  o.e.m.c.i.embedder.EclipseLogger - skip non existing resourceDirectory D:\SynechronWeekendBatch\Eclipse_WS\actitime\src\main\resources
2021-04-11 22:04:48,558 [Worker-501: Building workspace] INFO  o.e.m.c.i.embedder.EclipseLogger - Using 'UTF-8' encoding to copy filtered resources.
2021-04-11 22:04:48,558 [Worker-501: Building workspace] INFO  o.e.m.c.i.embedder.EclipseLogger - skip non existing resourceDirectory D:\SynechronWeekendBatch\Eclipse_WS\actitime\src\test\resources
2021-04-11 22:08:46,200 [Worker-502: Building workspace] INFO  o.e.m.c.i.embedder.EclipseLogger - Using 'UTF-8' encoding to copy filtered resources.
2021-04-11 22:08:46,200 [Worker-502: Building workspace] INFO  o.e.m.c.i.embedder.EclipseLogger - skip non existing resourceDirectory D:\SynechronWeekendBatch\Eclipse_WS\actitime\src\main\resources
2021-04-11 22:08:46,201 [Worker-502: Building workspace] INFO  o.e.m.c.i.embedder.EclipseLogger - Using 'UTF-8' encoding to copy filtered resources.
2021-04-11 22:08:46,201 [Worker-502: Building workspace] INFO  o.e.m.c.i.embedder.EclipseLogger - skip non existing resourceDirectory D:\SynechronWeekendBatch\Eclipse_WS\actitime\src\test\resources
2021-04-11 22:14:14,713 [Worker-506: Building workspace] INFO  o.e.m.c.i.embedder.EclipseLogger - Using 'UTF-8' encoding to copy filtered resources.
2021-04-11 22:14:14,713 [Worker-506: Building workspace] INFO  o.e.m.c.i.embedder.EclipseLogger - skip non existing resourceDirectory D:\SynechronWeekendBatch\Eclipse_WS\actitime\src\main\resources
2021-04-11 22:14:14,714 [Worker-506: Building workspace] INFO  o.e.m.c.i.embedder.EclipseLogger - Using 'UTF-8' encoding to copy filtered resources.
2021-04-11 22:14:14,714 [Worker-506: Building workspace] INFO  o.e.m.c.i.embedder.EclipseLogger - skip non existing resourceDirectory D:\SynechronWeekendBatch\Eclipse_WS\actitime\src\test\resources
2021-04-11 22:17:16,437 [Worker-501: Building workspace] INFO  o.e.m.c.i.embedder.EclipseLogger - Using 'UTF-8' encoding to copy filtered resources.
2021-04-11 22:17:16,438 [Worker-501: Building workspace] INFO  o.e.m.c.i.embedder.EclipseLogger - skip non existing resourceDirectory D:\SynechronWeekendBatch\Eclipse_WS\actitime\src\main\resources
2021-04-11 22:17:16,438 [Worker-501: Building workspace] INFO  o.e.m.c.i.embedder.EclipseLogger - Using 'UTF-8' encoding to copy filtered resources.
2021-04-11 22:17:16,438 [Worker-501: Building workspace] INFO  o.e.m.c.i.embedder.EclipseLogger - skip non existing resourceDirectory D:\SynechronWeekendBatch\Eclipse_WS\actitime\src\test\resources
2021-04-11 22:21:09,475 [Worker-501: Building workspace] INFO  o.e.m.c.i.embedder.EclipseLogger - Using 'UTF-8' encoding to copy filtered resources.
2021-04-11 22:21:09,475 [Worker-501: Building workspace] INFO  o.e.m.c.i.embedder.EclipseLogger - skip non existing resourceDirectory D:\SynechronWeekendBatch\Eclipse_WS\actitime\src\main\resources
2021-04-11 22:21:09,475 [Worker-501: Building workspace] INFO  o.e.m.c.i.embedder.EclipseLogger - Using 'UTF-8' encoding to copy filtered resources.
2021-04-11 22:21:09,476 [Worker-501: Building workspace] INFO  o.e.m.c.i.embedder.EclipseLogger - skip non existing resourceDirectory D:\SynechronWeekendBatch\Eclipse_WS\actitime\src\test\resources
2021-04-11 22:21:25,589 [Worker-507: Building workspace] INFO  o.e.m.c.i.embedder.EclipseLogger - Using 'UTF-8' encoding to copy filtered resources.
2021-04-11 22:21:25,589 [Worker-507: Building workspace] INFO  o.e.m.c.i.embedder.EclipseLogger - skip non existing resourceDirectory D:\SynechronWeekendBatch\Eclipse_WS\actitime\src\main\resources
2021-04-11 22:21:25,590 [Worker-507: Building workspace] INFO  o.e.m.c.i.embedder.EclipseLogger - Using 'UTF-8' encoding to copy filtered resources.
2021-04-11 22:21:25,590 [Worker-507: Building workspace] INFO  o.e.m.c.i.embedder.EclipseLogger - skip non existing resourceDirectory D:\SynechronWeekendBatch\Eclipse_WS\actitime\src\test\resources
2021-04-11 22:22:30,795 [Worker-501: Building workspace] INFO  o.e.m.c.i.embedder.EclipseLogger - Using 'UTF-8' encoding to copy filtered resources.
2021-04-11 22:22:30,795 [Worker-501: Building workspace] INFO  o.e.m.c.i.embedder.EclipseLogger - skip non existing resourceDirectory D:\SynechronWeekendBatch\Eclipse_WS\actitime\src\main\resources
2021-04-11 22:22:30,796 [Worker-501: Building workspace] INFO  o.e.m.c.i.embedder.EclipseLogger - Using 'UTF-8' encoding to copy filtered resources.
2021-04-11 22:22:30,796 [Worker-501: Building workspace] INFO  o.e.m.c.i.embedder.EclipseLogger - skip non existing resourceDirectory D:\SynechronWeekendBatch\Eclipse_WS\actitime\src\test\resources
2021-04-11 22:22:59,722 [Worker-506: Building workspace] INFO  o.e.m.c.i.embedder.EclipseLogger - Using 'UTF-8' encoding to copy filtered resources.
2021-04-11 22:22:59,722 [Worker-506: Building workspace] INFO  o.e.m.c.i.embedder.EclipseLogger - skip non existing resourceDirectory D:\SynechronWeekendBatch\Eclipse_WS\actitime\src\main\resources
2021-04-11 22:22:59,723 [Worker-506: Building workspace] INFO  o.e.m.c.i.embedder.EclipseLogger - Using 'UTF-8' encoding to copy filtered resources.
2021-04-11 22:22:59,724 [Worker-506: Building workspace] INFO  o.e.m.c.i.embedder.EclipseLogger - skip non existing resourceDirectory D:\SynechronWeekendBatch\Eclipse_WS\actitime\src\test\resources
2021-04-11 22:24:38,112 [Worker-507: Building workspace] INFO  o.e.m.c.i.embedder.EclipseLogger - Using 'UTF-8' encoding to copy filtered resources.
2021-04-11 22:24:38,112 [Worker-507: Building workspace] INFO  o.e.m.c.i.embedder.EclipseLogger - skip non existing resourceDirectory D:\SynechronWeekendBatch\Eclipse_WS\actitime\src\main\resources
2021-04-11 22:24:38,113 [Worker-507: Building workspace] INFO  o.e.m.c.i.embedder.EclipseLogger - Using 'UTF-8' encoding to copy filtered resources.
2021-04-11 22:24:38,113 [Worker-507: Building workspace] INFO  o.e.m.c.i.embedder.EclipseLogger - skip non existing resourceDirectory D:\SynechronWeekendBatch\Eclipse_WS\actitime\src\test\resources
2021-04-11 23:42:47,905 [Worker-526: Building workspace] INFO  o.e.m.c.i.embedder.EclipseLogger - Using 'UTF-8' encoding to copy filtered resources.
2021-04-11 23:42:47,906 [Worker-526: Building workspace] INFO  o.e.m.c.i.embedder.EclipseLogger - skip non existing resourceDirectory D:\SynechronWeekendBatch\Eclipse_WS\actitime\src\main\resources
2021-04-11 23:42:47,907 [Worker-526: Building workspace] INFO  o.e.m.c.i.embedder.EclipseLogger - Using 'UTF-8' encoding to copy filtered resources.
2021-04-11 23:42:47,907 [Worker-526: Building workspace] INFO  o.e.m.c.i.embedder.EclipseLogger - skip non existing resourceDirectory D:\SynechronWeekendBatch\Eclipse_WS\actitime\src\test\resources
2021-04-11 23:48:56,671 [Worker-530: Building workspace] INFO  o.e.m.c.i.embedder.EclipseLogger - Using 'UTF-8' encoding to copy filtered resources.
2021-04-11 23:48:56,671 [Worker-530: Building workspace] INFO  o.e.m.c.i.embedder.EclipseLogger - skip non existing resourceDirectory D:\SynechronWeekendBatch\Eclipse_WS\actitime\src\main\resources
2021-04-11 23:48:56,673 [Worker-530: Building workspace] INFO  o.e.m.c.i.embedder.EclipseLogger - Using 'UTF-8' encoding to copy filtered resources.
2021-04-11 23:48:56,673 [Worker-530: Building workspace] INFO  o.e.m.c.i.embedder.EclipseLogger - skip non existing resourceDirectory D:\SynechronWeekendBatch\Eclipse_WS\actitime\src\test\resources
2021-04-11 23:52:41,414 [Worker-531: Building workspace] INFO  o.e.m.c.i.embedder.EclipseLogger - Using 'UTF-8' encoding to copy filtered resources.
2021-04-11 23:52:41,414 [Worker-531: Building workspace] INFO  o.e.m.c.i.embedder.EclipseLogger - skip non existing resourceDirectory D:\SynechronWeekendBatch\Eclipse_WS\actitime\src\main\resources
2021-04-11 23:52:41,415 [Worker-531: Building workspace] INFO  o.e.m.c.i.embedder.EclipseLogger - Using 'UTF-8' encoding to copy filtered resources.
2021-04-11 23:52:41,416 [Worker-531: Building workspace] INFO  o.e.m.c.i.embedder.EclipseLogger - skip non existing resourceDirectory D:\SynechronWeekendBatch\Eclipse_WS\actitime\src\test\resources
2021-04-11 23:52:53,664 [Worker-526: Building workspace] INFO  o.e.m.c.i.embedder.EclipseLogger - Using 'UTF-8' encoding to copy filtered resources.
2021-04-11 23:52:53,665 [Worker-526: Building workspace] INFO  o.e.m.c.i.embedder.EclipseLogger - skip non existing resourceDirectory D:\SynechronWeekendBatch\Eclipse_WS\actitime\src\main\resources
2021-04-11 23:52:53,665 [Worker-526: Building workspace] INFO  o.e.m.c.i.embedder.EclipseLogger - Using 'UTF-8' encoding to copy filtered resources.
2021-04-11 23:52:53,666 [Worker-526: Building workspace] INFO  o.e.m.c.i.embedder.EclipseLogger - skip non existing resourceDirectory D:\SynechronWeekendBatch\Eclipse_WS\actitime\src\test\resources
2021-04-11 23:53:51,052 [Worker-526: Building workspace] INFO  o.e.m.c.i.embedder.EclipseLogger - Using 'UTF-8' encoding to copy filtered resources.
2021-04-11 23:53:51,052 [Worker-526: Building workspace] INFO  o.e.m.c.i.embedder.EclipseLogger - skip non existing resourceDirectory D:\SynechronWeekendBatch\Eclipse_WS\actitime\src\main\resources
2021-04-11 23:53:51,054 [Worker-526: Building workspace] INFO  o.e.m.c.i.embedder.EclipseLogger - Using 'UTF-8' encoding to copy filtered resources.
2021-04-11 23:53:51,054 [Worker-526: Building workspace] INFO  o.e.m.c.i.embedder.EclipseLogger - skip non existing resourceDirectory D:\SynechronWeekendBatch\Eclipse_WS\actitime\src\test\resources
2021-04-11 23:54:08,064 [Worker-526: Building workspace] INFO  o.e.m.c.i.embedder.EclipseLogger - Using 'UTF-8' encoding to copy filtered resources.
2021-04-11 23:54:08,064 [Worker-526: Building workspace] INFO  o.e.m.c.i.embedder.EclipseLogger - skip non existing resourceDirectory D:\SynechronWeekendBatch\Eclipse_WS\actitime\src\main\resources
2021-04-11 23:54:08,065 [Worker-526: Building workspace] INFO  o.e.m.c.i.embedder.EclipseLogger - Using 'UTF-8' encoding to copy filtered resources.
2021-04-11 23:54:08,065 [Worker-526: Building workspace] INFO  o.e.m.c.i.embedder.EclipseLogger - skip non existing resourceDirectory D:\SynechronWeekendBatch\Eclipse_WS\actitime\src\test\resources
2021-04-11 23:55:19,886 [Worker-518: Building workspace] INFO  o.e.m.c.i.embedder.EclipseLogger - Using 'UTF-8' encoding to copy filtered resources.
2021-04-11 23:55:19,887 [Worker-518: Building workspace] INFO  o.e.m.c.i.embedder.EclipseLogger - skip non existing resourceDirectory D:\SynechronWeekendBatch\Eclipse_WS\actitime\src\main\resources
2021-04-11 23:55:19,888 [Worker-518: Building workspace] INFO  o.e.m.c.i.embedder.EclipseLogger - Using 'UTF-8' encoding to copy filtered resources.
2021-04-11 23:55:19,889 [Worker-518: Building workspace] INFO  o.e.m.c.i.embedder.EclipseLogger - skip non existing resourceDirectory D:\SynechronWeekendBatch\Eclipse_WS\actitime\src\test\resources
2021-04-11 23:58:07,427 [Worker-531: Building workspace] INFO  o.e.m.c.i.embedder.EclipseLogger - Using 'UTF-8' encoding to copy filtered resources.
2021-04-11 23:58:07,427 [Worker-531: Building workspace] INFO  o.e.m.c.i.embedder.EclipseLogger - skip non existing resourceDirectory D:\SynechronWeekendBatch\Eclipse_WS\actitime\src\main\resources
2021-04-11 23:58:07,428 [Worker-531: Building workspace] INFO  o.e.m.c.i.embedder.EclipseLogger - Using 'UTF-8' encoding to copy filtered resources.
2021-04-11 23:58:07,428 [Worker-531: Building workspace] INFO  o.e.m.c.i.embedder.EclipseLogger - skip non existing resourceDirectory D:\SynechronWeekendBatch\Eclipse_WS\actitime\src\test\resources
2021-04-11 23:58:14,999 [Worker-526: Building workspace] INFO  o.e.m.c.i.embedder.EclipseLogger - Using 'UTF-8' encoding to copy filtered resources.
2021-04-11 23:58:14,999 [Worker-526: Building workspace] INFO  o.e.m.c.i.embedder.EclipseLogger - skip non existing resourceDirectory D:\SynechronWeekendBatch\Eclipse_WS\actitime\src\main\resources
2021-04-11 23:58:15,000 [Worker-526: Building workspace] INFO  o.e.m.c.i.embedder.EclipseLogger - Using 'UTF-8' encoding to copy filtered resources.
2021-04-11 23:58:15,001 [Worker-526: Building workspace] INFO  o.e.m.c.i.embedder.EclipseLogger - skip non existing resourceDirectory D:\SynechronWeekendBatch\Eclipse_WS\actitime\src\test\resources
2021-04-12 00:02:23,162 [Worker-530: Building workspace] INFO  o.e.m.c.i.embedder.EclipseLogger - Using 'UTF-8' encoding to copy filtered resources.
2021-04-12 00:02:23,162 [Worker-530: Building workspace] INFO  o.e.m.c.i.embedder.EclipseLogger - skip non existing resourceDirectory D:\SynechronWeekendBatch\Eclipse_WS\actitime\src\main\resources
2021-04-12 00:02:23,163 [Worker-530: Building workspace] INFO  o.e.m.c.i.embedder.EclipseLogger - Using 'UTF-8' encoding to copy filtered resources.
2021-04-12 00:02:23,163 [Worker-530: Building workspace] INFO  o.e.m.c.i.embedder.EclipseLogger - skip non existing resourceDirectory D:\SynechronWeekendBatch\Eclipse_WS\actitime\src\test\resources
2021-04-12 00:03:43,110 [Worker-531: Building workspace] INFO  o.e.m.c.i.embedder.EclipseLogger - Using 'UTF-8' encoding to copy filtered resources.
2021-04-12 00:03:43,110 [Worker-531: Building workspace] INFO  o.e.m.c.i.embedder.EclipseLogger - skip non existing resourceDirectory D:\SynechronWeekendBatch\Eclipse_WS\actitime\src\main\resources
2021-04-12 00:03:43,111 [Worker-531: Building workspace] INFO  o.e.m.c.i.embedder.EclipseLogger - Using 'UTF-8' encoding to copy filtered resources.
2021-04-12 00:03:43,112 [Worker-531: Building workspace] INFO  o.e.m.c.i.embedder.EclipseLogger - skip non existing resourceDirectory D:\SynechronWeekendBatch\Eclipse_WS\actitime\src\test\resources
2021-04-12 00:04:27,149 [Worker-534: Building workspace] INFO  o.e.m.c.i.embedder.EclipseLogger - Using 'UTF-8' encoding to copy filtered resources.
2021-04-12 00:04:27,150 [Worker-534: Building workspace] INFO  o.e.m.c.i.embedder.EclipseLogger - skip non existing resourceDirectory D:\SynechronWeekendBatch\Eclipse_WS\actitime\src\main\resources
2021-04-12 00:04:27,151 [Worker-534: Building workspace] INFO  o.e.m.c.i.embedder.EclipseLogger - Using 'UTF-8' encoding to copy filtered resources.
2021-04-12 00:04:27,152 [Worker-534: Building workspace] INFO  o.e.m.c.i.embedder.EclipseLogger - skip non existing resourceDirectory D:\SynechronWeekendBatch\Eclipse_WS\actitime\src\test\resources
2021-04-12 00:05:04,061 [Worker-533: Building workspace] INFO  o.e.m.c.i.embedder.EclipseLogger - Using 'UTF-8' encoding to copy filtered resources.
2021-04-12 00:05:04,061 [Worker-533: Building workspace] INFO  o.e.m.c.i.embedder.EclipseLogger - skip non existing resourceDirectory D:\SynechronWeekendBatch\Eclipse_WS\actitime\src\main\resources
2021-04-12 00:05:04,063 [Worker-533: Building workspace] INFO  o.e.m.c.i.embedder.EclipseLogger - Using 'UTF-8' encoding to copy filtered resources.
2021-04-12 00:05:04,063 [Worker-533: Building workspace] INFO  o.e.m.c.i.embedder.EclipseLogger - skip non existing resourceDirectory D:\SynechronWeekendBatch\Eclipse_WS\actitime\src\test\resources
2021-04-12 00:10:43,650 [Worker-538: Building workspace] INFO  o.e.m.c.i.embedder.EclipseLogger - Using 'UTF-8' encoding to copy filtered resources.
2021-04-12 00:10:43,651 [Worker-538: Building workspace] INFO  o.e.m.c.i.embedder.EclipseLogger - skip non existing resourceDirectory D:\SynechronWeekendBatch\Eclipse_WS\actitime\src\main\resources
2021-04-12 00:10:43,652 [Worker-538: Building workspace] INFO  o.e.m.c.i.embedder.EclipseLogger - Using 'UTF-8' encoding to copy filtered resources.
2021-04-12 00:10:43,652 [Worker-538: Building workspace] INFO  o.e.m.c.i.embedder.EclipseLogger - skip non existing resourceDirectory D:\SynechronWeekendBatch\Eclipse_WS\actitime\src\test\resources
2021-04-12 00:11:47,175 [Worker-537: Building workspace] INFO  o.e.m.c.i.embedder.EclipseLogger - Using 'UTF-8' encoding to copy filtered resources.
2021-04-12 00:11:47,175 [Worker-537: Building workspace] INFO  o.e.m.c.i.embedder.EclipseLogger - skip non existing resourceDirectory D:\SynechronWeekendBatch\Eclipse_WS\actitime\src\main\resources
2021-04-12 00:11:47,176 [Worker-537: Building workspace] INFO  o.e.m.c.i.embedder.EclipseLogger - Using 'UTF-8' encoding to copy filtered resources.
2021-04-12 00:11:47,176 [Worker-537: Building workspace] INFO  o.e.m.c.i.embedder.EclipseLogger - skip non existing resourceDirectory D:\SynechronWeekendBatch\Eclipse_WS\actitime\src\test\resources
2021-04-12 00:30:16,244 [Worker-547: Building workspace] INFO  o.e.m.c.i.embedder.EclipseLogger - Using 'UTF-8' encoding to copy filtered resources.
2021-04-12 00:30:16,244 [Worker-547: Building workspace] INFO  o.e.m.c.i.embedder.EclipseLogger - skip non existing resourceDirectory D:\SynechronWeekendBatch\Eclipse_WS\actitime\src\main\resources
2021-04-12 00:30:16,246 [Worker-547: Building workspace] INFO  o.e.m.c.i.embedder.EclipseLogger - Using 'UTF-8' encoding to copy filtered resources.
2021-04-12 00:30:16,246 [Worker-547: Building workspace] INFO  o.e.m.c.i.embedder.EclipseLogger - skip non existing resourceDirectory D:\SynechronWeekendBatch\Eclipse_WS\actitime\src\test\resources
2021-04-12 00:30:29,504 [Worker-547: Building workspace] INFO  o.e.m.c.i.embedder.EclipseLogger - Using 'UTF-8' encoding to copy filtered resources.
2021-04-12 00:30:29,504 [Worker-547: Building workspace] INFO  o.e.m.c.i.embedder.EclipseLogger - skip non existing resourceDirectory D:\SynechronWeekendBatch\Eclipse_WS\actitime\src\main\resources
2021-04-12 00:30:29,506 [Worker-547: Building workspace] INFO  o.e.m.c.i.embedder.EclipseLogger - Using 'UTF-8' encoding to copy filtered resources.
2021-04-12 00:30:29,506 [Worker-547: Building workspace] INFO  o.e.m.c.i.embedder.EclipseLogger - skip non existing resourceDirectory D:\SynechronWeekendBatch\Eclipse_WS\actitime\src\test\resources
2021-04-12 00:30:46,937 [Worker-547: Building workspace] INFO  o.e.m.c.i.embedder.EclipseLogger - Using 'UTF-8' encoding to copy filtered resources.
2021-04-12 00:30:46,938 [Worker-547: Building workspace] INFO  o.e.m.c.i.embedder.EclipseLogger - skip non existing resourceDirectory D:\SynechronWeekendBatch\Eclipse_WS\actitime\src\main\resources
2021-04-12 00:30:46,939 [Worker-547: Building workspace] INFO  o.e.m.c.i.embedder.EclipseLogger - Using 'UTF-8' encoding to copy filtered resources.
2021-04-12 00:30:46,939 [Worker-547: Building workspace] INFO  o.e.m.c.i.embedder.EclipseLogger - skip non existing resourceDirectory D:\SynechronWeekendBatch\Eclipse_WS\actitime\src\test\resources
2021-04-12 00:34:45,562 [Worker-545: Building workspace] INFO  o.e.m.c.i.embedder.EclipseLogger - Using 'UTF-8' encoding to copy filtered resources.
2021-04-12 00:34:45,563 [Worker-545: Building workspace] INFO  o.e.m.c.i.embedder.EclipseLogger - skip non existing resourceDirectory D:\SynechronWeekendBatch\Eclipse_WS\actitime\src\main\resources
2021-04-12 00:34:45,564 [Worker-545: Building workspace] INFO  o.e.m.c.i.embedder.EclipseLogger - Using 'UTF-8' encoding to copy filtered resources.
2021-04-12 00:34:45,564 [Worker-545: Building workspace] INFO  o.e.m.c.i.embedder.EclipseLogger - skip non existing resourceDirectory D:\SynechronWeekendBatch\Eclipse_WS\actitime\src\test\resources
2021-04-12 00:35:17,311 [Worker-549: Building workspace] INFO  o.e.m.c.i.embedder.EclipseLogger - Using 'UTF-8' encoding to copy filtered resources.
2021-04-12 00:35:17,311 [Worker-549: Building workspace] INFO  o.e.m.c.i.embedder.EclipseLogger - skip non existing resourceDirectory D:\SynechronWeekendBatch\Eclipse_WS\actitime\src\main\resources
2021-04-12 00:35:17,312 [Worker-549: Building workspace] INFO  o.e.m.c.i.embedder.EclipseLogger - Using 'UTF-8' encoding to copy filtered resources.
2021-04-12 00:35:17,312 [Worker-549: Building workspace] INFO  o.e.m.c.i.embedder.EclipseLogger - skip non existing resourceDirectory D:\SynechronWeekendBatch\Eclipse_WS\actitime\src\test\resources
2021-04-12 00:35:21,403 [Worker-547: Building workspace] INFO  o.e.m.c.i.embedder.EclipseLogger - Using 'UTF-8' encoding to copy filtered resources.
2021-04-12 00:35:21,403 [Worker-547: Building workspace] INFO  o.e.m.c.i.embedder.EclipseLogger - skip non existing resourceDirectory D:\SynechronWeekendBatch\Eclipse_WS\actitime\src\main\resources
2021-04-12 00:35:21,404 [Worker-547: Building workspace] INFO  o.e.m.c.i.embedder.EclipseLogger - Using 'UTF-8' encoding to copy filtered resources.
2021-04-12 00:35:21,404 [Worker-547: Building workspace] INFO  o.e.m.c.i.embedder.EclipseLogger - skip non existing resourceDirectory D:\SynechronWeekendBatch\Eclipse_WS\actitime\src\test\resources
2021-04-12 00:37:13,137 [Worker-547: Building workspace] INFO  o.e.m.c.i.embedder.EclipseLogger - Using 'UTF-8' encoding to copy filtered resources.
2021-04-12 00:37:13,137 [Worker-547: Building workspace] INFO  o.e.m.c.i.embedder.EclipseLogger - skip non existing resourceDirectory D:\SynechronWeekendBatch\Eclipse_WS\actitime\src\main\resources
2021-04-12 00:37:13,138 [Worker-547: Building workspace] INFO  o.e.m.c.i.embedder.EclipseLogger - Using 'UTF-8' encoding to copy filtered resources.
2021-04-12 00:37:13,138 [Worker-547: Building workspace] INFO  o.e.m.c.i.embedder.EclipseLogger - skip non existing resourceDirectory D:\SynechronWeekendBatch\Eclipse_WS\actitime\src\test\resources
2021-04-12 00:38:06,024 [Worker-550: Building workspace] INFO  o.e.m.c.i.embedder.EclipseLogger - Using 'UTF-8' encoding to copy filtered resources.
2021-04-12 00:38:06,024 [Worker-550: Building workspace] INFO  o.e.m.c.i.embedder.EclipseLogger - skip non existing resourceDirectory D:\SynechronWeekendBatch\Eclipse_WS\actitime\src\main\resources
2021-04-12 00:38:06,025 [Worker-550: Building workspace] INFO  o.e.m.c.i.embedder.EclipseLogger - Using 'UTF-8' encoding to copy filtered resources.
2021-04-12 00:38:06,026 [Worker-550: Building workspace] INFO  o.e.m.c.i.embedder.EclipseLogger - skip non existing resourceDirectory D:\SynechronWeekendBatch\Eclipse_WS\actitime\src\test\resources
2021-04-12 00:43:54,348 [Worker-548: Building workspace] INFO  o.e.m.c.i.embedder.EclipseLogger - Using 'UTF-8' encoding to copy filtered resources.
2021-04-12 00:43:54,349 [Worker-548: Building workspace] INFO  o.e.m.c.i.embedder.EclipseLogger - skip non existing resourceDirectory D:\SynechronWeekendBatch\Eclipse_WS\actitime\src\main\resources
2021-04-12 00:43:54,349 [Worker-548: Building workspace] INFO  o.e.m.c.i.embedder.EclipseLogger - Using 'UTF-8' encoding to copy filtered resources.
2021-04-12 00:43:54,349 [Worker-548: Building workspace] INFO  o.e.m.c.i.embedder.EclipseLogger - skip non existing resourceDirectory D:\SynechronWeekendBatch\Eclipse_WS\actitime\src\test\resources
2021-04-12 00:44:00,971 [Worker-553: Building workspace] INFO  o.e.m.c.i.embedder.EclipseLogger - Using 'UTF-8' encoding to copy filtered resources.
2021-04-12 00:44:00,971 [Worker-553: Building workspace] INFO  o.e.m.c.i.embedder.EclipseLogger - skip non existing resourceDirectory D:\SynechronWeekendBatch\Eclipse_WS\actitime\src\main\resources
2021-04-12 00:44:00,972 [Worker-553: Building workspace] INFO  o.e.m.c.i.embedder.EclipseLogger - Using 'UTF-8' encoding to copy filtered resources.
2021-04-12 00:44:00,972 [Worker-553: Building workspace] INFO  o.e.m.c.i.embedder.EclipseLogger - skip non existing resourceDirectory D:\SynechronWeekendBatch\Eclipse_WS\actitime\src\test\resources
2021-04-12 00:44:15,769 [Worker-548: Building workspace] INFO  o.e.m.c.i.embedder.EclipseLogger - Using 'UTF-8' encoding to copy filtered resources.
2021-04-12 00:44:15,769 [Worker-548: Building workspace] INFO  o.e.m.c.i.embedder.EclipseLogger - skip non existing resourceDirectory D:\SynechronWeekendBatch\Eclipse_WS\actitime\src\main\resources
2021-04-12 00:44:15,770 [Worker-548: Building workspace] INFO  o.e.m.c.i.embedder.EclipseLogger - Using 'UTF-8' encoding to copy filtered resources.
2021-04-12 00:44:15,770 [Worker-548: Building workspace] INFO  o.e.m.c.i.embedder.EclipseLogger - skip non existing resourceDirectory D:\SynechronWeekendBatch\Eclipse_WS\actitime\src\test\resources
2021-04-12 00:45:23,074 [Worker-548: Building workspace] INFO  o.e.m.c.i.embedder.EclipseLogger - Using 'UTF-8' encoding to copy filtered resources.
2021-04-12 00:45:23,075 [Worker-548: Building workspace] INFO  o.e.m.c.i.embedder.EclipseLogger - skip non existing resourceDirectory D:\SynechronWeekendBatch\Eclipse_WS\actitime\src\main\resources
2021-04-12 00:45:23,075 [Worker-548: Building workspace] INFO  o.e.m.c.i.embedder.EclipseLogger - Using 'UTF-8' encoding to copy filtered resources.
2021-04-12 00:45:23,076 [Worker-548: Building workspace] INFO  o.e.m.c.i.embedder.EclipseLogger - skip non existing resourceDirectory D:\SynechronWeekendBatch\Eclipse_WS\actitime\src\test\resources
2021-04-12 00:52:33,196 [Worker-553: Building workspace] INFO  o.e.m.c.i.embedder.EclipseLogger - Using 'UTF-8' encoding to copy filtered resources.
2021-04-12 00:52:33,196 [Worker-553: Building workspace] INFO  o.e.m.c.i.embedder.EclipseLogger - skip non existing resourceDirectory D:\SynechronWeekendBatch\Eclipse_WS\actitime\src\main\resources
2021-04-12 00:52:33,197 [Worker-553: Building workspace] INFO  o.e.m.c.i.embedder.EclipseLogger - Using 'UTF-8' encoding to copy filtered resources.
2021-04-12 00:52:33,197 [Worker-553: Building workspace] INFO  o.e.m.c.i.embedder.EclipseLogger - skip non existing resourceDirectory D:\SynechronWeekendBatch\Eclipse_WS\actitime\src\test\resources
2021-04-12 00:52:44,651 [Worker-557: Building workspace] INFO  o.e.m.c.i.embedder.EclipseLogger - Using 'UTF-8' encoding to copy filtered resources.
2021-04-12 00:52:44,651 [Worker-557: Building workspace] INFO  o.e.m.c.i.embedder.EclipseLogger - skip non existing resourceDirectory D:\SynechronWeekendBatch\Eclipse_WS\actitime\src\main\resources
2021-04-12 00:52:44,652 [Worker-557: Building workspace] INFO  o.e.m.c.i.embedder.EclipseLogger - Using 'UTF-8' encoding to copy filtered resources.
2021-04-12 00:52:44,652 [Worker-557: Building workspace] INFO  o.e.m.c.i.embedder.EclipseLogger - skip non existing resourceDirectory D:\SynechronWeekendBatch\Eclipse_WS\actitime\src\test\resources
2021-04-12 00:52:49,037 [Worker-557: Building workspace] INFO  o.e.m.c.i.embedder.EclipseLogger - Using 'UTF-8' encoding to copy filtered resources.
2021-04-12 00:52:49,037 [Worker-557: Building workspace] INFO  o.e.m.c.i.embedder.EclipseLogger - skip non existing resourceDirectory D:\SynechronWeekendBatch\Eclipse_WS\actitime\src\main\resources
2021-04-12 00:52:49,037 [Worker-557: Building workspace] INFO  o.e.m.c.i.embedder.EclipseLogger - Using 'UTF-8' encoding to copy filtered resources.
2021-04-12 00:52:49,037 [Worker-557: Building workspace] INFO  o.e.m.c.i.embedder.EclipseLogger - skip non existing resourceDirectory D:\SynechronWeekendBatch\Eclipse_WS\actitime\src\test\resources
2021-04-12 00:53:16,430 [Worker-553: Building workspace] INFO  o.e.m.c.i.embedder.EclipseLogger - Using 'UTF-8' encoding to copy filtered resources.
2021-04-12 00:53:16,430 [Worker-553: Building workspace] INFO  o.e.m.c.i.embedder.EclipseLogger - skip non existing resourceDirectory D:\SynechronWeekendBatch\Eclipse_WS\actitime\src\main\resources
2021-04-12 00:53:16,431 [Worker-553: Building workspace] INFO  o.e.m.c.i.embedder.EclipseLogger - Using 'UTF-8' encoding to copy filtered resources.
2021-04-12 00:53:16,431 [Worker-553: Building workspace] INFO  o.e.m.c.i.embedder.EclipseLogger - skip non existing resourceDirectory D:\SynechronWeekendBatch\Eclipse_WS\actitime\src\test\resources
2021-04-12 01:19:22,483 [Worker-1: Loading available Gradle versions] INFO  o.e.b.c.i.u.g.PublishedGradleVersions - Gradle version information cache is out-of-date. Trying to update.
